<?xml version="1.0" encoding="UTF-8"?>
<testng-results skipped="0" failed="0" total="4" passed="4">
  <reporter-output>
  </reporter-output>
  <suite name="Default suite" duration-ms="29246" started-at="2020-12-22T15:42:30Z" finished-at="2020-12-22T15:42:59Z">
    <groups>
    </groups>
    <test name="Default test" duration-ms="29246" started-at="2020-12-22T15:42:30Z" finished-at="2020-12-22T15:42:59Z">
      <class name="api.Topic_02_Xpath_Css_HTML">
        <test-method status="PASS" signature="beforeClass()[pri:0, instance:api.Topic_02_Xpath_Css_HTML@48eff760]" name="beforeClass" is-config="true" duration-ms="2291" started-at="2020-12-22T22:42:30Z" finished-at="2020-12-22T22:42:32Z">
          <reporter-output>
          </reporter-output>
        </test-method> <!-- beforeClass -->
        <test-method status="PASS" signature="TC_01_Login_Without_infor()[pri:0, instance:api.Topic_02_Xpath_Css_HTML@48eff760]" name="TC_01_Login_Without_infor" duration-ms="12529" started-at="2020-12-22T22:42:32Z" finished-at="2020-12-22T22:42:45Z">
          <reporter-output>
          </reporter-output>
        </test-method> <!-- TC_01_Login_Without_infor -->
        <test-method status="PASS" signature="TC_02_Login_with_Invalid_Email()[pri:0, instance:api.Topic_02_Xpath_Css_HTML@48eff760]" name="TC_02_Login_with_Invalid_Email" duration-ms="4238" started-at="2020-12-22T22:42:45Z" finished-at="2020-12-22T22:42:49Z">
          <reporter-output>
          </reporter-output>
        </test-method> <!-- TC_02_Login_with_Invalid_Email -->
        <test-method status="PASS" signature="TC_03_Login_With_Under_6_character_Password()[pri:0, instance:api.Topic_02_Xpath_Css_HTML@48eff760]" name="TC_03_Login_With_Under_6_character_Password" duration-ms="4056" started-at="2020-12-22T22:42:49Z" finished-at="2020-12-22T22:42:53Z">
          <reporter-output>
          </reporter-output>
        </test-method> <!-- TC_03_Login_With_Under_6_character_Password -->
        <test-method status="PASS" signature="TC_04_Login_With_Incorrect_Email()[pri:0, instance:api.Topic_02_Xpath_Css_HTML@48eff760]" name="TC_04_Login_With_Incorrect_Email" duration-ms="5776" started-at="2020-12-22T22:42:53Z" finished-at="2020-12-22T22:42:59Z">
          <reporter-output>
          </reporter-output>
        </test-method> <!-- TC_04_Login_With_Incorrect_Email -->
        <test-method status="PASS" signature="afterClass()[pri:0, instance:api.Topic_02_Xpath_Css_HTML@48eff760]" name="afterClass" is-config="true" duration-ms="346" started-at="2020-12-22T22:42:59Z" finished-at="2020-12-22T22:42:59Z">
          <reporter-output>
          </reporter-output>
        </test-method> <!-- afterClass -->
      </class> <!-- api.Topic_02_Xpath_Css_HTML -->
    </test> <!-- Default test -->
  </suite> <!-- Default suite -->
</testng-results>
