<?xml version="1.0" encoding="UTF-8"?>
<testng-results skipped="0" failed="0" total="2" passed="2">
  <reporter-output>
  </reporter-output>
  <suite name="Default suite" duration-ms="8278" started-at="2020-12-18T02:54:18Z" finished-at="2020-12-18T02:54:26Z">
    <groups>
    </groups>
    <test name="Default test" duration-ms="8278" started-at="2020-12-18T02:54:18Z" finished-at="2020-12-18T02:54:26Z">
      <class name="TestNG">
        <test-method status="PASS" signature="beforeClass()[pri:0, instance:TestNG@4de8b406]" name="beforeClass" is-config="true" duration-ms="8248" started-at="2020-12-18T09:54:18Z" finished-at="2020-12-18T09:54:26Z">
          <reporter-output>
          </reporter-output>
        </test-method> <!-- beforeClass -->
        <test-method status="PASS" signature="TC_01_Login_With_Empty_Email()[pri:0, instance:TestNG@4de8b406]" name="TC_01_Login_With_Empty_Email" duration-ms="8" started-at="2020-12-18T09:54:26Z" finished-at="2020-12-18T09:54:26Z">
          <reporter-output>
          </reporter-output>
        </test-method> <!-- TC_01_Login_With_Empty_Email -->
        <test-method status="PASS" signature="TC_01_Login_With_Invalid_Email()[pri:0, instance:TestNG@4de8b406]" name="TC_01_Login_With_Invalid_Email" duration-ms="2" started-at="2020-12-18T09:54:26Z" finished-at="2020-12-18T09:54:26Z">
          <reporter-output>
          </reporter-output>
        </test-method> <!-- TC_01_Login_With_Invalid_Email -->
        <test-method status="PASS" signature="afterClass()[pri:0, instance:TestNG@4de8b406]" name="afterClass" is-config="true" duration-ms="0" started-at="2020-12-18T09:54:26Z" finished-at="2020-12-18T09:54:26Z">
          <reporter-output>
          </reporter-output>
        </test-method> <!-- afterClass -->
      </class> <!-- TestNG -->
    </test> <!-- Default test -->
  </suite> <!-- Default suite -->
</testng-results>
